<?xml version="1.0" encoding="UTF-8"?>
<testsuite name="edu.isu.cs2235.structures.impl.LinkedDequeTest" tests="32" skipped="0" failures="0" errors="0" timestamp="2019-11-29T15:38:41" hostname="arch-xps" time="0.049">
  <properties/>
  <testcase name="testOffer_2" classname="edu.isu.cs2235.structures.impl.LinkedDequeTest" time="0.006"/>
  <testcase name="testOffer_3" classname="edu.isu.cs2235.structures.impl.LinkedDequeTest" time="0.0"/>
  <testcase name="testIsEmpty_2" classname="edu.isu.cs2235.structures.impl.LinkedDequeTest" time="0.001"/>
  <testcase name="testIsEmpty_3" classname="edu.isu.cs2235.structures.impl.LinkedDequeTest" time="0.0"/>
  <testcase name="testPollLast_2" classname="edu.isu.cs2235.structures.impl.LinkedDequeTest" time="0.0"/>
  <testcase name="testPollLast_3" classname="edu.isu.cs2235.structures.impl.LinkedDequeTest" time="0.0"/>
  <testcase name="testMerge" classname="edu.isu.cs2235.structures.impl.LinkedDequeTest" time="0.001"/>
  <testcase name="testOffer" classname="edu.isu.cs2235.structures.impl.LinkedDequeTest" time="0.0"/>
  <testcase name="testPeek" classname="edu.isu.cs2235.structures.impl.LinkedDequeTest" time="0.0"/>
  <testcase name="testPoll" classname="edu.isu.cs2235.structures.impl.LinkedDequeTest" time="0.0"/>
  <testcase name="testSize" classname="edu.isu.cs2235.structures.impl.LinkedDequeTest" time="0.0"/>
  <testcase name="testPeekLast_2" classname="edu.isu.cs2235.structures.impl.LinkedDequeTest" time="0.0"/>
  <testcase name="testPeekLast_3" classname="edu.isu.cs2235.structures.impl.LinkedDequeTest" time="0.0"/>
  <testcase name="testPrintDeque" classname="edu.isu.cs2235.structures.impl.LinkedDequeTest" time="0.029"/>
  <testcase name="testOfferFirst" classname="edu.isu.cs2235.structures.impl.LinkedDequeTest" time="0.0"/>
  <testcase name="testMerge_2" classname="edu.isu.cs2235.structures.impl.LinkedDequeTest" time="0.001"/>
  <testcase name="testMerge_3" classname="edu.isu.cs2235.structures.impl.LinkedDequeTest" time="0.0"/>
  <testcase name="testMerge_4" classname="edu.isu.cs2235.structures.impl.LinkedDequeTest" time="0.0"/>
  <testcase name="testReverse" classname="edu.isu.cs2235.structures.impl.LinkedDequeTest" time="0.0"/>
  <testcase name="testOfferFirst_2" classname="edu.isu.cs2235.structures.impl.LinkedDequeTest" time="0.0"/>
  <testcase name="testOfferFirst_3" classname="edu.isu.cs2235.structures.impl.LinkedDequeTest" time="0.0"/>
  <testcase name="testPeekLast" classname="edu.isu.cs2235.structures.impl.LinkedDequeTest" time="0.0"/>
  <testcase name="testPollLast" classname="edu.isu.cs2235.structures.impl.LinkedDequeTest" time="0.0"/>
  <testcase name="testPeek_2" classname="edu.isu.cs2235.structures.impl.LinkedDequeTest" time="0.0"/>
  <testcase name="testPeek_3" classname="edu.isu.cs2235.structures.impl.LinkedDequeTest" time="0.0"/>
  <testcase name="testPoll_2" classname="edu.isu.cs2235.structures.impl.LinkedDequeTest" time="0.0"/>
  <testcase name="testPoll_3" classname="edu.isu.cs2235.structures.impl.LinkedDequeTest" time="0.0"/>
  <testcase name="testIsEmpty" classname="edu.isu.cs2235.structures.impl.LinkedDequeTest" time="0.0"/>
  <testcase name="testSize_2" classname="edu.isu.cs2235.structures.impl.LinkedDequeTest" time="0.001"/>
  <testcase name="testSize_3" classname="edu.isu.cs2235.structures.impl.LinkedDequeTest" time="0.0"/>
  <testcase name="testTransfer_2" classname="edu.isu.cs2235.structures.impl.LinkedDequeTest" time="0.0"/>
  <testcase name="testTransfer" classname="edu.isu.cs2235.structures.impl.LinkedDequeTest" time="0.0"/>
  <system-out><![CDATA[]]></system-out>
  <system-err><![CDATA[]]></system-err>
</testsuite>
